This file contains any messages produced by compilers while
running configure, to aid debugging if configure makes a mistake.

It was created by configure, which was
generated by GNU Autoconf 2.57.  Invocation command line was

  $ ./configure 

## --------- ##
## Platform. ##
## --------- ##

hostname = ipacloud
uname -m = i686
uname -r = 2.6.32-042stab094.8
uname -s = Linux
uname -v = #1 SMP Tue Dec 16 20:36:56 MSK 2014

/usr/bin/uname -p = unknown
/bin/uname -X     = unknown

/bin/arch              = unknown
/usr/bin/arch -k       = unknown
/usr/convex/getsysinfo = unknown
hostinfo               = unknown
/bin/machine           = unknown
/usr/bin/oslevel       = unknown
/bin/universe          = unknown

PATH: /usr/local/sbin
PATH: /usr/local/bin
PATH: /usr/sbin
PATH: /usr/bin
PATH: /sbin
PATH: /bin


## ----------- ##
## Core tests. ##
## ----------- ##

configure:1342: checking for a BSD-compatible install
configure:1396: result: /usr/bin/install -c
configure:1453: checking for gcc
configure:1469: found /usr/bin/gcc
configure:1479: result: gcc
configure:1723: checking for C compiler version
configure:1726: gcc --version </dev/null >&5
gcc (Debian 4.7.2-5) 4.7.2
Copyright (C) 2012 Free Software Foundation, Inc.
This is free software; see the source for copying conditions.  There is NO
warranty; not even for MERCHANTABILITY or FITNESS FOR A PARTICULAR PURPOSE.

configure:1729: $? = 0
configure:1731: gcc -v </dev/null >&5
Using built-in specs.
COLLECT_GCC=gcc
COLLECT_LTO_WRAPPER=/usr/lib/gcc/i486-linux-gnu/4.7/lto-wrapper
Target: i486-linux-gnu
Configured with: ../src/configure -v --with-pkgversion='Debian 4.7.2-5' --with-bugurl=file:///usr/share/doc/gcc-4.7/README.Bugs --enable-languages=c,c++,go,fortran,objc,obj-c++ --prefix=/usr --program-suffix=-4.7 --enable-shared --enable-linker-build-id --with-system-zlib --libexecdir=/usr/lib --without-included-gettext --enable-threads=posix --with-gxx-include-dir=/usr/include/c++/4.7 --libdir=/usr/lib --enable-nls --with-sysroot=/ --enable-clocale=gnu --enable-libstdcxx-debug --enable-libstdcxx-time=yes --enable-gnu-unique-object --enable-plugin --enable-objc-gc --enable-targets=all --with-arch-32=i586 --with-tune=generic --enable-checking=release --build=i486-linux-gnu --host=i486-linux-gnu --target=i486-linux-gnu
Thread model: posix
gcc version 4.7.2 (Debian 4.7.2-5) 
configure:1734: $? = 0
configure:1736: gcc -V </dev/null >&5
gcc: error: unrecognized command line option '-V'
gcc: fatal error: no input files
compilation terminated.
configure:1739: $? = 4
configure:1763: checking for C compiler default output
configure:1766: gcc    conftest.c  >&5
configure:1769: $? = 0
configure:1815: result: a.out
configure:1820: checking whether the C compiler works
configure:1826: ./a.out
configure:1829: $? = 0
configure:1846: result: yes
configure:1853: checking whether we are cross compiling
configure:1855: result: no
configure:1858: checking for suffix of executables
configure:1860: gcc -o conftest    conftest.c  >&5
configure:1863: $? = 0
configure:1888: result: 
configure:1894: checking for suffix of object files
configure:1916: gcc -c   conftest.c >&5
configure:1919: $? = 0
configure:1941: result: o
configure:1945: checking whether we are using the GNU C compiler
configure:1970: gcc -c   conftest.c >&5
configure:1973: $? = 0
configure:1976: test -s conftest.o
configure:1979: $? = 0
configure:1992: result: yes
configure:1998: checking whether gcc accepts -g
configure:2020: gcc -c -g  conftest.c >&5
configure:2023: $? = 0
configure:2026: test -s conftest.o
configure:2029: $? = 0
configure:2040: result: yes
configure:2057: checking for gcc option to accept ANSI C
configure:2118: gcc  -c -g -O2  conftest.c >&5
configure:2121: $? = 0
configure:2124: test -s conftest.o
configure:2127: $? = 0
configure:2145: result: none needed
configure:2163: gcc -c -g -O2  conftest.c >&5
conftest.c:2:3: error: unknown type name 'choke'
conftest.c:2:3: error: expected '=', ',', ';', 'asm' or '__attribute__' at end of input
configure:2166: $? = 1
configure: failed program was:
| #ifndef __cplusplus
|   choke me
| #endif
configure:2279: checking for gmake
configure:2308: result: no
configure:2279: checking for gnumake
configure:2308: result: no
configure:2279: checking for make
configure:2295: found /usr/bin/make
configure:2305: result: make
configure:2316: checking whether make is gnu make
configure:2320: result: yes
configure:2334: checking build system type
configure:2352: result: i686-pc-linux-gnu
configure:2360: checking host system type
configure:2374: result: i686-pc-linux-gnu
configure:2392: checking whether the ipaudit user exists
configure:2395: result: yes, you win!
configure:2404: checking whether the ipaudit group exists
configure:2407: result: you're still a winner!
configure:2416: checking for the ipaudit home directory
configure:2427: result: /home/ipaudit
configure:2429: checking if /home/ipaudit exists and is a directory
configure:2432: result: yes
configure:2477: checking for id
configure:2495: found /usr/bin/id
configure:2508: result: /usr/bin/id
configure:2523: checking for perl
configure:2541: found /usr/bin/perl
configure:2554: result: /usr/bin/perl
configure:2579: checking if /usr/bin/perl is version 5.004 or greater
configure:2582: result: yes
configure:2594: checking for gnuplot
configure:2613: found /usr/bin/gnuplot
configure:2626: result: /usr/bin/gnuplot
configure:2640: checking if /usr/bin/gnuplot supports png
configure:2643: result: yes
configure:2656: checking for zcat
configure:2675: found /bin/zcat
configure:2688: result: /bin/zcat
configure:2705: checking for zgrep
configure:2724: found /bin/zgrep
configure:2737: result: /bin/zgrep
configure:2754: checking for gzip
configure:2773: found /bin/gzip
configure:2786: result: /bin/gzip
configure:2804: checking for tar
configure:2823: found /bin/tar
configure:2836: result: /bin/tar
configure:2857: checking for gawk
configure:2886: result: no
configure:2857: checking for mawk
configure:2873: found /usr/bin/mawk
configure:2883: result: mawk
configure:2895: checking for mawk
configure:2913: found /usr/bin/mawk
configure:2925: result: /usr/bin/mawk
configure:2934: checking for the Time::ParseDate perl module
configure:2940: result: no
configure:2942: WARNING: *** Time::ParseDate was not found (Recommended)
configure:2975: checking for gethostent in -lnsl
configure:3006: gcc -o conftest -g -O2   conftest.c -lnsl   >&5
configure:3009: $? = 0
configure:3012: test -s conftest
configure:3015: $? = 0
configure:3027: result: yes
configure:3039: checking for getprotobyname in -lsocket
configure:3070: gcc -o conftest -g -O2   conftest.c -lsocket  -lnsl  >&5
/usr/bin/ld: cannot find -lsocket
collect2: error: ld returned 1 exit status
configure:3073: $? = 1
configure: failed program was:
| #line 3046 "configure"
| /* confdefs.h.  */
| 
| #define PACKAGE_NAME ""
| #define PACKAGE_TARNAME ""
| #define PACKAGE_VERSION ""
| #define PACKAGE_STRING ""
| #define PACKAGE_BUGREPORT ""
| #define HAVE_LIBNSL 1
| /* end confdefs.h.  */
| 
| /* Override any gcc2 internal prototype to avoid an error.  */
| #ifdef __cplusplus
| extern "C"
| #endif
| /* We use char because int might match the return type of a gcc2
|    builtin and then its argument prototype would still apply.  */
| char getprotobyname ();
| int
| main ()
| {
| getprotobyname ();
|   ;
|   return 0;
| }
configure:3091: result: no
configure:3103: checking for connect in -linet
configure:3134: gcc -o conftest -g -O2   conftest.c -linet  -lnsl  >&5
/usr/bin/ld: cannot find -linet
collect2: error: ld returned 1 exit status
configure:3137: $? = 1
configure: failed program was:
| #line 3110 "configure"
| /* confdefs.h.  */
| 
| #define PACKAGE_NAME ""
| #define PACKAGE_TARNAME ""
| #define PACKAGE_VERSION ""
| #define PACKAGE_STRING ""
| #define PACKAGE_BUGREPORT ""
| #define HAVE_LIBNSL 1
| /* end confdefs.h.  */
| 
| /* Override any gcc2 internal prototype to avoid an error.  */
| #ifdef __cplusplus
| extern "C"
| #endif
| /* We use char because int might match the return type of a gcc2
|    builtin and then its argument prototype would still apply.  */
| char connect ();
| int
| main ()
| {
| connect ();
|   ;
|   return 0;
| }
configure:3155: result: no
configure:3168: checking for pcap_datalink in -lpcap
configure:3199: gcc -o conftest -g -O2   conftest.c -lpcap  -lnsl  >&5
configure:3202: $? = 0
configure:3205: test -s conftest
configure:3208: $? = 0
configure:3220: result: yes
configure:3243: checking for working memcmp
configure:3292: gcc -o conftest -g -O2   conftest.c -lpcap -lnsl  >&5
configure: In function 'main':
configure:3269:5: warning: incompatible implicit declaration of built-in function 'exit' [enabled by default]
configure:3282:9: warning: incompatible implicit declaration of built-in function 'strcpy' [enabled by default]
configure:3295: $? = 0
configure:3297: ./conftest
configure:3300: $? = 0
configure:3314: result: yes
configure:3318: checking return type of signal handlers
configure:3350: gcc -c -g -O2  conftest.c >&5
configure:3353: $? = 0
configure:3356: test -s conftest.o
configure:3359: $? = 0
configure:3370: result: void
configure:3382: checking for strftime
configure:3432: gcc -o conftest -g -O2   conftest.c -lpcap -lnsl  >&5
configure:3414:6: warning: conflicting types for built-in function 'strftime' [enabled by default]
configure:3435: $? = 0
configure:3438: test -s conftest
configure:3441: $? = 0
configure:3452: result: yes
configure:3538: checking for gethostent
configure:3588: gcc -o conftest -g -O2   conftest.c -lpcap -lnsl  >&5
configure:3591: $? = 0
configure:3594: test -s conftest
configure:3597: $? = 0
configure:3608: result: yes
configure:3538: checking for setsockopt
configure:3588: gcc -o conftest -g -O2   conftest.c -lpcap -lnsl  >&5
configure:3591: $? = 0
configure:3594: test -s conftest
configure:3597: $? = 0
configure:3608: result: yes
configure:3538: checking for connect
configure:3588: gcc -o conftest -g -O2   conftest.c -lpcap -lnsl  >&5
configure:3591: $? = 0
configure:3594: test -s conftest
configure:3597: $? = 0
configure:3608: result: yes
configure:3538: checking for gethostname
configure:3588: gcc -o conftest -g -O2   conftest.c -lpcap -lnsl  >&5
configure:3591: $? = 0
configure:3594: test -s conftest
configure:3597: $? = 0
configure:3608: result: yes
configure:3538: checking for mktime
configure:3588: gcc -o conftest -g -O2   conftest.c -lpcap -lnsl  >&5
configure:3591: $? = 0
configure:3594: test -s conftest
configure:3597: $? = 0
configure:3608: result: yes
configure:3538: checking for select
configure:3588: gcc -o conftest -g -O2   conftest.c -lpcap -lnsl  >&5
configure:3591: $? = 0
configure:3594: test -s conftest
configure:3597: $? = 0
configure:3608: result: yes
configure:3538: checking for strdup
configure:3588: gcc -o conftest -g -O2   conftest.c -lpcap -lnsl  >&5
configure:3577:6: warning: conflicting types for built-in function 'strdup' [enabled by default]
configure:3591: $? = 0
configure:3594: test -s conftest
configure:3597: $? = 0
configure:3608: result: yes
configure:3538: checking for strerror
configure:3588: gcc -o conftest -g -O2   conftest.c -lpcap -lnsl  >&5
configure:3591: $? = 0
configure:3594: test -s conftest
configure:3597: $? = 0
configure:3608: result: yes
configure:3624: checking how to run the C preprocessor
configure:3660: gcc -E  conftest.c
configure:3666: $? = 0
configure:3698: gcc -E  conftest.c
configure:3709:28: fatal error: ac_nonexistent.h: No such file or directory
compilation terminated.
configure:3704: $? = 1
configure: failed program was:
| #line 3689 "configure"
| /* confdefs.h.  */
| 
| #define PACKAGE_NAME ""
| #define PACKAGE_TARNAME ""
| #define PACKAGE_VERSION ""
| #define PACKAGE_STRING ""
| #define PACKAGE_BUGREPORT ""
| #define HAVE_LIBNSL 1
| #define HAVE_LIBPCAP 1
| #define RETSIGTYPE void
| #define HAVE_STRFTIME 1
| #define HAVE_GETHOSTENT 1
| #define HAVE_SETSOCKOPT 1
| #define HAVE_CONNECT 1
| #define HAVE_GETHOSTNAME 1
| #define HAVE_MKTIME 1
| #define HAVE_SELECT 1
| #define HAVE_STRDUP 1
| #define HAVE_STRERROR 1
| /* end confdefs.h.  */
| #include <ac_nonexistent.h>
configure:3742: result: gcc -E
configure:3767: gcc -E  conftest.c
configure:3773: $? = 0
configure:3805: gcc -E  conftest.c
configure:3816:28: fatal error: ac_nonexistent.h: No such file or directory
compilation terminated.
configure:3811: $? = 1
configure: failed program was:
| #line 3796 "configure"
| /* confdefs.h.  */
| 
| #define PACKAGE_NAME ""
| #define PACKAGE_TARNAME ""
| #define PACKAGE_VERSION ""
| #define PACKAGE_STRING ""
| #define PACKAGE_BUGREPORT ""
| #define HAVE_LIBNSL 1
| #define HAVE_LIBPCAP 1
| #define RETSIGTYPE void
| #define HAVE_STRFTIME 1
| #define HAVE_GETHOSTENT 1
| #define HAVE_SETSOCKOPT 1
| #define HAVE_CONNECT 1
| #define HAVE_GETHOSTNAME 1
| #define HAVE_MKTIME 1
| #define HAVE_SELECT 1
| #define HAVE_STRDUP 1
| #define HAVE_STRERROR 1
| /* end confdefs.h.  */
| #include <ac_nonexistent.h>
configure:3854: checking for egrep
configure:3864: result: grep -E
configure:3869: checking for ANSI C header files
configure:3895: gcc -c -g -O2  conftest.c >&5
configure:3898: $? = 0
configure:3901: test -s conftest.o
configure:3904: $? = 0
configure:3996: gcc -o conftest -g -O2   conftest.c -lpcap -lnsl  >&5
configure: In function 'main':
configure:4001:7: warning: incompatible implicit declaration of built-in function 'exit' [enabled by default]
configure:3999: $? = 0
configure:4001: ./conftest
configure:4004: $? = 0
configure:4019: result: yes
configure:4029: checking for sys/wait.h that is POSIX.1 compatible
configure:4061: gcc -c -g -O2  conftest.c >&5
configure:4064: $? = 0
configure:4067: test -s conftest.o
configure:4070: $? = 0
configure:4081: result: yes
configure:4105: checking for sys/types.h
configure:4122: gcc -c -g -O2  conftest.c >&5
configure:4125: $? = 0
configure:4128: test -s conftest.o
configure:4131: $? = 0
configure:4142: result: yes
configure:4105: checking for sys/stat.h
configure:4122: gcc -c -g -O2  conftest.c >&5
configure:4125: $? = 0
configure:4128: test -s conftest.o
configure:4131: $? = 0
configure:4142: result: yes
configure:4105: checking for stdlib.h
configure:4122: gcc -c -g -O2  conftest.c >&5
configure:4125: $? = 0
configure:4128: test -s conftest.o
configure:4131: $? = 0
configure:4142: result: yes
configure:4105: checking for string.h
configure:4122: gcc -c -g -O2  conftest.c >&5
configure:4125: $? = 0
configure:4128: test -s conftest.o
configure:4131: $? = 0
configure:4142: result: yes
configure:4105: checking for memory.h
configure:4122: gcc -c -g -O2  conftest.c >&5
configure:4125: $? = 0
configure:4128: test -s conftest.o
configure:4131: $? = 0
configure:4142: result: yes
configure:4105: checking for strings.h
configure:4122: gcc -c -g -O2  conftest.c >&5
configure:4125: $? = 0
configure:4128: test -s conftest.o
configure:4131: $? = 0
configure:4142: result: yes
configure:4105: checking for inttypes.h
configure:4122: gcc -c -g -O2  conftest.c >&5
configure:4125: $? = 0
configure:4128: test -s conftest.o
configure:4131: $? = 0
configure:4142: result: yes
configure:4105: checking for stdint.h
configure:4122: gcc -c -g -O2  conftest.c >&5
configure:4125: $? = 0
configure:4128: test -s conftest.o
configure:4131: $? = 0
configure:4142: result: yes
configure:4105: checking for unistd.h
configure:4122: gcc -c -g -O2  conftest.c >&5
configure:4125: $? = 0
configure:4128: test -s conftest.o
configure:4131: $? = 0
configure:4142: result: yes
configure:4171: checking errno.h usability
configure:4184: gcc -c -g -O2  conftest.c >&5
configure:4187: $? = 0
configure:4190: test -s conftest.o
configure:4193: $? = 0
configure:4203: result: yes
configure:4207: checking errno.h presence
configure:4218: gcc -E  conftest.c
configure:4224: $? = 0
configure:4243: result: yes
configure:4279: checking for errno.h
configure:4286: result: yes
configure:4171: checking fcntl.h usability
configure:4184: gcc -c -g -O2  conftest.c >&5
configure:4187: $? = 0
configure:4190: test -s conftest.o
configure:4193: $? = 0
configure:4203: result: yes
configure:4207: checking fcntl.h presence
configure:4218: gcc -E  conftest.c
configure:4224: $? = 0
configure:4243: result: yes
configure:4279: checking for fcntl.h
configure:4286: result: yes
configure:4171: checking limits.h usability
configure:4184: gcc -c -g -O2  conftest.c >&5
configure:4187: $? = 0
configure:4190: test -s conftest.o
configure:4193: $? = 0
configure:4203: result: yes
configure:4207: checking limits.h presence
configure:4218: gcc -E  conftest.c
configure:4224: $? = 0
configure:4243: result: yes
configure:4279: checking for limits.h
configure:4286: result: yes
configure:4162: checking for unistd.h
configure:4167: result: yes
configure:4300: checking for an ANSI C-conforming const
configure:4368: gcc -c -g -O2  conftest.c >&5
configure:4371: $? = 0
configure:4374: test -s conftest.o
configure:4377: $? = 0
configure:4388: result: yes
configure:4398: checking for pid_t
configure:4423: gcc -c -g -O2  conftest.c >&5
configure:4426: $? = 0
configure:4429: test -s conftest.o
configure:4432: $? = 0
configure:4443: result: yes
configure:4455: checking whether struct tm is in sys/time.h or time.h
configure:4479: gcc -c -g -O2  conftest.c >&5
configure:4482: $? = 0
configure:4485: test -s conftest.o
configure:4488: $? = 0
configure:4499: result: time.h
configure:4512: checking whether to compile CGreen's ipaudits
configure:4530: result: no
configure:4687: creating ./config.status

## ---------------------- ##
## Running config.status. ##
## ---------------------- ##

This file was extended by config.status, which was
generated by GNU Autoconf 2.57.  Invocation command line was

  CONFIG_FILES    = 
  CONFIG_HEADERS  = 
  CONFIG_LINKS    = 
  CONFIG_COMMANDS = 
  $ ./config.status 

on ipacloud

config.status:637: creating src/Makefile
config.status:637: creating Makefile
config.status:637: creating ipaudit-web.conf
config.status:741: creating config.h
config.status:876: config.h is unchanged

## ---------------- ##
## Cache variables. ##
## ---------------- ##

ac_cv_build=i686-pc-linux-gnu
ac_cv_build_alias=i686-pc-linux-gnu
ac_cv_c_compiler_gnu=yes
ac_cv_c_const=yes
ac_cv_env_CC_set=
ac_cv_env_CC_value=
ac_cv_env_CFLAGS_set=
ac_cv_env_CFLAGS_value=
ac_cv_env_CPPFLAGS_set=
ac_cv_env_CPPFLAGS_value=
ac_cv_env_CPP_set=
ac_cv_env_CPP_value=
ac_cv_env_LDFLAGS_set=
ac_cv_env_LDFLAGS_value=
ac_cv_env_build_alias_set=
ac_cv_env_build_alias_value=
ac_cv_env_host_alias_set=
ac_cv_env_host_alias_value=
ac_cv_env_target_alias_set=
ac_cv_env_target_alias_value=
ac_cv_exeext=
ac_cv_func_connect=yes
ac_cv_func_gethostent=yes
ac_cv_func_gethostname=yes
ac_cv_func_memcmp_working=yes
ac_cv_func_mktime=yes
ac_cv_func_select=yes
ac_cv_func_setsockopt=yes
ac_cv_func_strdup=yes
ac_cv_func_strerror=yes
ac_cv_func_strftime=yes
ac_cv_header_errno_h=yes
ac_cv_header_fcntl_h=yes
ac_cv_header_inttypes_h=yes
ac_cv_header_limits_h=yes
ac_cv_header_memory_h=yes
ac_cv_header_stdc=yes
ac_cv_header_stdint_h=yes
ac_cv_header_stdlib_h=yes
ac_cv_header_string_h=yes
ac_cv_header_strings_h=yes
ac_cv_header_sys_stat_h=yes
ac_cv_header_sys_types_h=yes
ac_cv_header_sys_wait_h=yes
ac_cv_header_unistd_h=yes
ac_cv_host=i686-pc-linux-gnu
ac_cv_host_alias=i686-pc-linux-gnu
ac_cv_lib_inet_connect=no
ac_cv_lib_nsl_gethostent=yes
ac_cv_lib_pcap_pcap_datalink=yes
ac_cv_lib_socket_getprotobyname=no
ac_cv_objext=o
ac_cv_path_AWK=/usr/bin/mawk
ac_cv_path_GNUPLOT=/usr/bin/gnuplot
ac_cv_path_GZIP=/bin/gzip
ac_cv_path_ID=/usr/bin/id
ac_cv_path_PERL=/usr/bin/perl
ac_cv_path_TAR=/bin/tar
ac_cv_path_ZCAT=/bin/zcat
ac_cv_path_ZGREP=/bin/zgrep
ac_cv_path_install='/usr/bin/install -c'
ac_cv_prog_AWK=mawk
ac_cv_prog_CPP='gcc -E'
ac_cv_prog_MAKE=make
ac_cv_prog_ac_ct_CC=gcc
ac_cv_prog_cc_g=yes
ac_cv_prog_cc_stdc=
ac_cv_prog_egrep='grep -E'
ac_cv_struct_tm=time.h
ac_cv_type_pid_t=yes
ac_cv_type_signal=void

## ----------------- ##
## Output variables. ##
## ----------------- ##

AWK='/usr/bin/mawk'
CC='gcc'
CFLAGS='-g -O2'
CPP='gcc -E'
CPPFLAGS=''
DEFS='-DHAVE_CONFIG_H'
ECHO_C=''
ECHO_N='-n'
ECHO_T=''
EGREP='grep -E'
EXEEXT=''
GNUPLOT='/usr/bin/gnuplot'
GZIP='/bin/gzip'
ID='/usr/bin/id'
INSTALL_DATA='${INSTALL} -m 644'
INSTALL_PROGRAM='${INSTALL}'
INSTALL_SCRIPT='${INSTALL}'
IPA_HOMEDIR='/home/ipaudit'
LDFLAGS=''
LIBOBJS=''
LIBS='-lpcap -lnsl '
LTLIBOBJS=''
MAKE='make'
OBJEXT='o'
PACKAGE_BUGREPORT=''
PACKAGE_NAME=''
PACKAGE_STRING=''
PACKAGE_TARNAME=''
PACKAGE_VERSION=''
PATH_SEPARATOR=':'
PERL='/usr/bin/perl'
SHELL='/bin/sh'
SUBDIRS=''
TAR='/bin/tar'
ZCAT='/bin/zcat'
ZGREP='/bin/zgrep'
ac_ct_CC='gcc'
bindir='${exec_prefix}/bin'
build='i686-pc-linux-gnu'
build_alias=''
build_cpu='i686'
build_os='linux-gnu'
build_vendor='pc'
datadir='${prefix}/share'
exec_prefix='${prefix}'
host='i686-pc-linux-gnu'
host_alias=''
host_cpu='i686'
host_os='linux-gnu'
host_vendor='pc'
includedir='${prefix}/include'
infodir='${prefix}/info'
libdir='${exec_prefix}/lib'
libexecdir='${exec_prefix}/libexec'
localstatedir='${prefix}/var'
mandir='${prefix}/man'
oldincludedir='/usr/include'
prefix='/home/ipaudit'
program_transform_name='s,x,x,'
sbindir='${exec_prefix}/sbin'
sharedstatedir='${prefix}/com'
subdirs=''
sysconfdir='${prefix}/etc'
target_alias=''

## ----------- ##
## confdefs.h. ##
## ----------- ##

#define HAVE_CONNECT 1
#define HAVE_ERRNO_H 1
#define HAVE_FCNTL_H 1
#define HAVE_GETHOSTENT 1
#define HAVE_GETHOSTNAME 1
#define HAVE_INTTYPES_H 1
#define HAVE_LIBNSL 1
#define HAVE_LIBPCAP 1
#define HAVE_LIMITS_H 1
#define HAVE_MEMORY_H 1
#define HAVE_MKTIME 1
#define HAVE_SELECT 1
#define HAVE_SETSOCKOPT 1
#define HAVE_STDINT_H 1
#define HAVE_STDLIB_H 1
#define HAVE_STRDUP 1
#define HAVE_STRERROR 1
#define HAVE_STRFTIME 1
#define HAVE_STRINGS_H 1
#define HAVE_STRING_H 1
#define HAVE_SYS_STAT_H 1
#define HAVE_SYS_TYPES_H 1
#define HAVE_SYS_WAIT_H 1
#define HAVE_UNISTD_H 1
#define HAVE_UNISTD_H 1
#define PACKAGE_BUGREPORT ""
#define PACKAGE_NAME ""
#define PACKAGE_STRING ""
#define PACKAGE_TARNAME ""
#define PACKAGE_VERSION ""
#define RETSIGTYPE void
#define STDC_HEADERS 1

configure: exit 0
